[debug] [2022-10-25T04:47:54.921Z] ----------------------------------------------------------------------
[debug] [2022-10-25T04:47:54.923Z] Command:       C:\Program Files\nodejs\node.exe C:\Users\samud\AppData\Roaming\npm\node_modules\firebase-tools\lib\bin\firebase.js init
[debug] [2022-10-25T04:47:54.924Z] CLI Version:   11.15.0
[debug] [2022-10-25T04:47:54.924Z] Platform:      win32
[debug] [2022-10-25T04:47:54.924Z] Node Version:  v16.17.0
[debug] [2022-10-25T04:47:54.930Z] Time:          Tue Oct 25 2022 10:17:54 GMT+0530 (India Standard Time)
[debug] [2022-10-25T04:47:54.930Z] ----------------------------------------------------------------------
[debug] 
[debug] [2022-10-25T04:47:55.000Z] > command requires scopes: ["email","openid","https://www.googleapis.com/auth/cloudplatformprojects.readonly","https://www.googleapis.com/auth/firebase","https://www.googleapis.com/auth/cloud-platform"]
[debug] [2022-10-25T04:47:55.000Z] > authorizing via signed-in user (abhisamudrala21@gmail.com)
[info] 
     ######## #### ########  ######## ########     ###     ######  ########
     ##        ##  ##     ## ##       ##     ##  ##   ##  ##       ##
     ######    ##  ########  ######   ########  #########  ######  ######
     ##        ##  ##    ##  ##       ##     ## ##     ##       ## ##
     ##       #### ##     ## ######## ########  ##     ##  ######  ########

You're about to initialize a Firebase project in this directory:

  D:\MyProject\chat-app

Before we get started, keep in mind:

  * You are initializing within an existing Firebase project directory

[debug] [2022-10-25T04:48:30.567Z] ----------------------------------------------------------------------
[debug] [2022-10-25T04:48:30.569Z] Command:       C:\Program Files\nodejs\node.exe C:\Users\samud\AppData\Roaming\npm\node_modules\firebase-tools\lib\bin\firebase.js init
[debug] [2022-10-25T04:48:30.569Z] CLI Version:   11.15.0
[debug] [2022-10-25T04:48:30.569Z] Platform:      win32
[debug] [2022-10-25T04:48:30.570Z] Node Version:  v16.17.0
[debug] [2022-10-25T04:48:30.571Z] Time:          Tue Oct 25 2022 10:18:30 GMT+0530 (India Standard Time)
[debug] [2022-10-25T04:48:30.571Z] ----------------------------------------------------------------------
[debug] 
[debug] [2022-10-25T04:48:30.654Z] > command requires scopes: ["email","openid","https://www.googleapis.com/auth/cloudplatformprojects.readonly","https://www.googleapis.com/auth/firebase","https://www.googleapis.com/auth/cloud-platform"]
[debug] [2022-10-25T04:48:30.655Z] > authorizing via signed-in user (abhisamudrala21@gmail.com)
[info] 
     ######## #### ########  ######## ########     ###     ######  ########
     ##        ##  ##     ## ##       ##     ##  ##   ##  ##       ##
     ######    ##  ########  ######   ########  #########  ######  ######
     ##        ##  ##    ##  ##       ##     ## ##     ##       ## ##
     ##       #### ##     ## ######## ########  ##     ##  ######  ########

You're about to initialize a Firebase project in this directory:

  D:\MyProject\chat-app

Before we get started, keep in mind:

  * You are initializing within an existing Firebase project directory

[debug] [2022-10-25T04:55:31.568Z] ----------------------------------------------------------------------
[debug] [2022-10-25T04:55:31.571Z] Command:       C:\Program Files\nodejs\node.exe C:\Users\samud\AppData\Roaming\npm\node_modules\firebase-tools\lib\bin\firebase.js init
[debug] [2022-10-25T04:55:31.572Z] CLI Version:   11.15.0
[debug] [2022-10-25T04:55:31.572Z] Platform:      win32
[debug] [2022-10-25T04:55:31.572Z] Node Version:  v16.17.0
[debug] [2022-10-25T04:55:31.574Z] Time:          Tue Oct 25 2022 10:25:31 GMT+0530 (India Standard Time)
[debug] [2022-10-25T04:55:31.574Z] ----------------------------------------------------------------------
[debug] 
[debug] [2022-10-25T04:55:31.649Z] > command requires scopes: ["email","openid","https://www.googleapis.com/auth/cloudplatformprojects.readonly","https://www.googleapis.com/auth/firebase","https://www.googleapis.com/auth/cloud-platform"]
[debug] [2022-10-25T04:55:31.650Z] > authorizing via signed-in user (abhisamudrala21@gmail.com)
[info] 
     ######## #### ########  ######## ########     ###     ######  ########
     ##        ##  ##     ## ##       ##     ##  ##   ##  ##       ##
     ######    ##  ########  ######   ########  #########  ######  ######
     ##        ##  ##    ##  ##       ##     ## ##     ##       ## ##
     ##       #### ##     ## ######## ########  ##     ##  ######  ########

You're about to initialize a Firebase project in this directory:

  D:\MyProject\chat-app

Before we get started, keep in mind:

  * You are initializing within an existing Firebase project directory

